
/home/runner/work/exp-strength-tests-on-sands-dei/exp-strength-tests-on-sands-dei/experiment/simulation/js/main.js
    3:5   warning  'naoh' is assigned a value but never used          no-unused-vars
    4:5   warning  'sand' is assigned a value but never used          no-unused-vars
    5:10  warning  'dispmenu' is defined but never used               no-unused-vars
   25:1   warning  Mixed spaces and tabs                              no-mixed-spaces-and-tabs
   28:10  warning  'sandSpecimen' is defined but never used           no-unused-vars
   35:10  warning  'readingDial' is defined but never used            no-unused-vars
   44:10  warning  'specimen1' is defined but never used              no-unused-vars
   53:10  warning  'specimen2' is defined but never used              no-unused-vars
   62:10  warning  'specimen3' is defined but never used              no-unused-vars
   71:10  warning  'compressionTestResult' is defined but never used  no-unused-vars
   78:10  warning  'shearSpecimen1' is defined but never used         no-unused-vars
   87:10  warning  'shearSpecimen2' is defined but never used         no-unused-vars
   96:10  warning  'shearSpecimen3' is defined but never used         no-unused-vars
  105:10  warning  'shearTestResult' is defined but never used        no-unused-vars
  112:10  warning  'tensileSpecimen1' is defined but never used       no-unused-vars
  121:10  warning  'tensileSpecimen2' is defined but never used       no-unused-vars
  130:10  warning  'tensileSpecimen3' is defined but never used       no-unused-vars
  139:10  warning  'tensileTestResult' is defined but never used      no-unused-vars
  146:10  warning  'resetfun' is defined but never used               no-unused-vars

✖ 19 problems (0 errors, 19 warnings)

